2017-06-28 23:34:34,388 [Worker-7] INFO  o.e.m.c.i.l.LifecycleMappingFactory - Using org.eclipse.m2e.jdt.JarLifecycleMapping lifecycle mapping for MavenProject: com.personal.SpringDataJPA:springDataJPASampleApp:0.0.1-SNAPSHOT @ /home/manish/Desktop/SpringWorkspace/SpringDataJPA/springDataJPASampleApp/pom.xml.
2017-06-28 23:34:35,581 [Worker-7] INFO  o.e.m.j.i.AbstractJavaProjectConfigurator - Adding source folder /springDataJPASampleApp/src/main/java
2017-06-28 23:34:35,584 [Worker-7] INFO  o.e.m.j.i.AbstractJavaProjectConfigurator - Adding resource folder /springDataJPASampleApp/src/main/resources
2017-06-28 23:34:35,585 [Worker-7] INFO  o.e.m.j.i.AbstractJavaProjectConfigurator - Adding source folder /springDataJPASampleApp/src/test/java
2017-06-28 23:34:35,586 [Worker-7] INFO  o.e.m.j.i.AbstractJavaProjectConfigurator - Adding resource folder /springDataJPASampleApp/src/test/resources
2017-06-28 23:34:36,700 [Worker-1] WARN  o.e.m.c.i.embedder.EclipseLogger - Using platform encoding (UTF-8 actually) to copy filtered resources, i.e. build is platform dependent!
2017-06-28 23:34:36,716 [Worker-1] INFO  o.e.m.c.i.embedder.EclipseLogger - Copying 0 resource
2017-06-28 23:34:36,720 [Worker-1] WARN  o.e.m.c.i.embedder.EclipseLogger - Using platform encoding (UTF-8 actually) to copy filtered resources, i.e. build is platform dependent!
2017-06-28 23:34:36,721 [Worker-1] INFO  o.e.m.c.i.embedder.EclipseLogger - Copying 0 resource
2017-06-28 23:36:21,739 [Worker-19] INFO  o.e.m.c.i.e.AbstractTransferListenerAdapter - Downloaded https://repo.spring.io/snapshot/org/springframework/boot/spring-boot-maven-plugin/2.0.0.BUILD-SNAPSHOT/spring-boot-maven-plugin-2.0.0.BUILD-20170627.154437-750.pom
2017-06-28 23:36:21,743 [Worker-19] WARN  o.e.m.c.i.embedder.EclipseLogger - The POM for org.springframework.boot:spring-boot-maven-plugin:jar:2.0.0.BUILD-20170627.154437-750 is missing, no dependency information available
2017-06-28 23:36:22,411 [Worker-19] INFO  o.e.m.c.i.l.LifecycleMappingFactory - Using org.eclipse.m2e.jdt.JarLifecycleMapping lifecycle mapping for MavenProject: com.personal.SpringDataJPA:springDataJPASampleApp:0.0.1-SNAPSHOT @ /home/manish/Desktop/SpringWorkspace/SpringDataJPA/springDataJPASampleApp/pom.xml.
2017-06-28 23:36:22,924 [Worker-19] INFO  o.e.m.c.i.e.AbstractTransferListenerAdapter - Downloading https://repo.spring.io/snapshot/org/springframework/boot/spring-boot-starter-data-jpa/2.0.0.BUILD-SNAPSHOT/maven-metadata.xml
2017-06-28 23:36:23,700 [Worker-19] INFO  o.e.m.c.i.e.AbstractTransferListenerAdapter - Downloaded https://repo.spring.io/snapshot/org/springframework/boot/spring-boot-starter-data-jpa/2.0.0.BUILD-SNAPSHOT/maven-metadata.xml
2017-06-28 23:36:24,016 [Worker-19] INFO  o.e.m.c.i.e.AbstractTransferListenerAdapter - Downloading https://repo.spring.io/snapshot/org/springframework/boot/spring-boot-starter-data-jpa/2.0.0.BUILD-SNAPSHOT/spring-boot-starter-data-jpa-2.0.0.BUILD-20170628.133237-754.pom
2017-06-28 23:36:24,672 [Worker-19] INFO  o.e.m.c.i.e.AbstractTransferListenerAdapter - Downloaded https://repo.spring.io/snapshot/org/springframework/boot/spring-boot-starter-data-jpa/2.0.0.BUILD-SNAPSHOT/spring-boot-starter-data-jpa-2.0.0.BUILD-20170628.133237-754.pom
2017-06-28 23:36:25,514 [Worker-19] INFO  o.e.m.c.i.e.AbstractTransferListenerAdapter - Downloading https://repo.spring.io/snapshot/org/springframework/boot/spring-boot-starter-aop/2.0.0.BUILD-SNAPSHOT/maven-metadata.xml
2017-06-28 23:36:26,041 [Worker-19] INFO  o.e.m.c.i.e.AbstractTransferListenerAdapter - Downloaded https://repo.spring.io/snapshot/org/springframework/boot/spring-boot-starter-aop/2.0.0.BUILD-SNAPSHOT/maven-metadata.xml
2017-06-28 23:36:26,328 [Worker-19] INFO  o.e.m.c.i.e.AbstractTransferListenerAdapter - Downloading https://repo.spring.io/snapshot/org/springframework/boot/spring-boot-starter-aop/2.0.0.BUILD-SNAPSHOT/spring-boot-starter-aop-2.0.0.BUILD-20170628.133237-754.pom
2017-06-28 23:36:26,834 [Worker-19] INFO  o.e.m.c.i.e.AbstractTransferListenerAdapter - Downloaded https://repo.spring.io/snapshot/org/springframework/boot/spring-boot-starter-aop/2.0.0.BUILD-SNAPSHOT/spring-boot-starter-aop-2.0.0.BUILD-20170628.133237-754.pom
2017-06-28 23:36:27,142 [Worker-19] INFO  o.e.m.c.i.e.AbstractTransferListenerAdapter - Downloaded https://repo.spring.io/snapshot/org/aspectj/aspectjweaver/1.8.10/aspectjweaver-1.8.10.pom
2017-06-28 23:36:27,795 [Worker-19] INFO  o.e.m.c.i.e.AbstractTransferListenerAdapter - Downloaded https://repo.spring.io/milestone/org/aspectj/aspectjweaver/1.8.10/aspectjweaver-1.8.10.pom
2017-06-28 23:36:29,356 [Worker-19] INFO  o.e.m.c.i.e.AbstractTransferListenerAdapter - Downloading https://repo.maven.apache.org/maven2/org/aspectj/aspectjweaver/1.8.10/aspectjweaver-1.8.10.pom
2017-06-28 23:36:29,599 [Worker-19] INFO  o.e.m.c.i.e.AbstractTransferListenerAdapter - Downloaded https://repo.maven.apache.org/maven2/org/aspectj/aspectjweaver/1.8.10/aspectjweaver-1.8.10.pom
2017-06-28 23:36:30,252 [Worker-19] INFO  o.e.m.c.i.e.AbstractTransferListenerAdapter - Downloading https://repo.spring.io/snapshot/org/springframework/boot/spring-boot-starter-jdbc/2.0.0.BUILD-SNAPSHOT/maven-metadata.xml
2017-06-28 23:36:30,531 [Worker-19] INFO  o.e.m.c.i.e.AbstractTransferListenerAdapter - Downloaded https://repo.spring.io/snapshot/org/springframework/boot/spring-boot-starter-jdbc/2.0.0.BUILD-SNAPSHOT/maven-metadata.xml
2017-06-28 23:36:31,069 [Worker-19] INFO  o.e.m.c.i.e.AbstractTransferListenerAdapter - Downloading https://repo.spring.io/snapshot/org/springframework/boot/spring-boot-starter-jdbc/2.0.0.BUILD-SNAPSHOT/spring-boot-starter-jdbc-2.0.0.BUILD-20170628.133237-754.pom
2017-06-28 23:36:31,578 [Worker-19] INFO  o.e.m.c.i.e.AbstractTransferListenerAdapter - Downloaded https://repo.spring.io/snapshot/org/springframework/boot/spring-boot-starter-jdbc/2.0.0.BUILD-SNAPSHOT/spring-boot-starter-jdbc-2.0.0.BUILD-20170628.133237-754.pom
2017-06-28 23:36:32,092 [Worker-19] INFO  o.e.m.c.i.e.AbstractTransferListenerAdapter - Downloaded https://repo.spring.io/snapshot/com/zaxxer/HikariCP/2.6.2/HikariCP-2.6.2.pom
2017-06-28 23:36:32,451 [Worker-19] INFO  o.e.m.c.i.e.AbstractTransferListenerAdapter - Downloaded https://repo.spring.io/milestone/com/zaxxer/HikariCP/2.6.2/HikariCP-2.6.2.pom
2017-06-28 23:36:32,707 [Worker-19] INFO  o.e.m.c.i.e.AbstractTransferListenerAdapter - Downloading https://repo.maven.apache.org/maven2/com/zaxxer/HikariCP/2.6.2/HikariCP-2.6.2.pom
2017-06-28 23:36:33,245 [Worker-19] INFO  o.e.m.c.i.e.AbstractTransferListenerAdapter - Downloaded https://repo.maven.apache.org/maven2/com/zaxxer/HikariCP/2.6.2/HikariCP-2.6.2.pom
2017-06-28 23:36:33,614 [Worker-19] INFO  o.e.m.c.i.e.AbstractTransferListenerAdapter - Downloaded https://repo.spring.io/snapshot/org/sonatype/oss/oss-parent/9/oss-parent-9.pom
2017-06-28 23:36:33,998 [Worker-19] INFO  o.e.m.c.i.e.AbstractTransferListenerAdapter - Downloaded https://repo.spring.io/milestone/org/sonatype/oss/oss-parent/9/oss-parent-9.pom
2017-06-28 23:36:34,243 [Worker-19] INFO  o.e.m.c.i.e.AbstractTransferListenerAdapter - Downloading https://repo.maven.apache.org/maven2/org/sonatype/oss/oss-parent/9/oss-parent-9.pom
2017-06-28 23:36:34,503 [Worker-19] INFO  o.e.m.c.i.e.AbstractTransferListenerAdapter - Downloaded https://repo.maven.apache.org/maven2/org/sonatype/oss/oss-parent/9/oss-parent-9.pom
2017-06-28 23:36:34,933 [Worker-19] INFO  o.e.m.c.i.e.AbstractTransferListenerAdapter - Downloading https://repo.spring.io/snapshot/org/springframework/spring-jdbc/5.0.0.BUILD-SNAPSHOT/maven-metadata.xml
2017-06-28 23:36:35,234 [Worker-19] INFO  o.e.m.c.i.e.AbstractTransferListenerAdapter - Downloaded https://repo.spring.io/snapshot/org/springframework/spring-jdbc/5.0.0.BUILD-SNAPSHOT/maven-metadata.xml
2017-06-28 23:36:35,547 [Worker-19] INFO  o.e.m.c.i.e.AbstractTransferListenerAdapter - Downloading https://repo.spring.io/snapshot/org/springframework/spring-jdbc/5.0.0.BUILD-SNAPSHOT/spring-jdbc-5.0.0.BUILD-20170628.145713-332.pom
2017-06-28 23:36:35,834 [Worker-19] INFO  o.e.m.c.i.e.AbstractTransferListenerAdapter - Downloaded https://repo.spring.io/snapshot/org/springframework/spring-jdbc/5.0.0.BUILD-SNAPSHOT/spring-jdbc-5.0.0.BUILD-20170628.145713-332.pom
2017-06-28 23:36:36,141 [Worker-19] INFO  o.e.m.c.i.e.AbstractTransferListenerAdapter - Downloading https://repo.spring.io/snapshot/org/springframework/spring-tx/5.0.0.BUILD-SNAPSHOT/maven-metadata.xml
2017-06-28 23:36:36,426 [Worker-19] INFO  o.e.m.c.i.e.AbstractTransferListenerAdapter - Downloaded https://repo.spring.io/snapshot/org/springframework/spring-tx/5.0.0.BUILD-SNAPSHOT/maven-metadata.xml
2017-06-28 23:36:36,738 [Worker-19] INFO  o.e.m.c.i.e.AbstractTransferListenerAdapter - Downloading https://repo.spring.io/snapshot/org/springframework/spring-tx/5.0.0.BUILD-SNAPSHOT/spring-tx-5.0.0.BUILD-20170628.145713-332.pom
2017-06-28 23:36:37,025 [Worker-19] INFO  o.e.m.c.i.e.AbstractTransferListenerAdapter - Downloaded https://repo.spring.io/snapshot/org/springframework/spring-tx/5.0.0.BUILD-SNAPSHOT/spring-tx-5.0.0.BUILD-20170628.145713-332.pom
2017-06-28 23:36:37,405 [Worker-19] INFO  o.e.m.c.i.e.AbstractTransferListenerAdapter - Downloaded https://repo.spring.io/snapshot/org/hibernate/hibernate-core/5.2.10.Final/hibernate-core-5.2.10.Final.pom
2017-06-28 23:36:38,046 [Worker-19] INFO  o.e.m.c.i.e.AbstractTransferListenerAdapter - Downloaded https://repo.spring.io/milestone/org/hibernate/hibernate-core/5.2.10.Final/hibernate-core-5.2.10.Final.pom
2017-06-28 23:36:38,358 [Worker-19] INFO  o.e.m.c.i.e.AbstractTransferListenerAdapter - Downloading https://repo.maven.apache.org/maven2/org/hibernate/hibernate-core/5.2.10.Final/hibernate-core-5.2.10.Final.pom
2017-06-28 23:36:38,613 [Worker-19] INFO  o.e.m.c.i.e.AbstractTransferListenerAdapter - Downloaded https://repo.maven.apache.org/maven2/org/hibernate/hibernate-core/5.2.10.Final/hibernate-core-5.2.10.Final.pom
2017-06-28 23:36:39,073 [Worker-19] INFO  o.e.m.c.i.e.AbstractTransferListenerAdapter - Downloaded https://repo.spring.io/snapshot/org/javassist/javassist/3.21.0-GA/javassist-3.21.0-GA.pom
2017-06-28 23:36:39,685 [Worker-19] INFO  o.e.m.c.i.e.AbstractTransferListenerAdapter - Downloaded https://repo.spring.io/milestone/org/javassist/javassist/3.21.0-GA/javassist-3.21.0-GA.pom
2017-06-28 23:36:39,931 [Worker-19] INFO  o.e.m.c.i.e.AbstractTransferListenerAdapter - Downloading https://repo.maven.apache.org/maven2/org/javassist/javassist/3.21.0-GA/javassist-3.21.0-GA.pom
2017-06-28 23:36:40,212 [Worker-19] INFO  o.e.m.c.i.e.AbstractTransferListenerAdapter - Downloaded https://repo.maven.apache.org/maven2/org/javassist/javassist/3.21.0-GA/javassist-3.21.0-GA.pom
2017-06-28 23:36:40,856 [Worker-19] INFO  o.e.m.c.i.e.AbstractTransferListenerAdapter - Downloaded https://repo.spring.io/snapshot/org/jboss/jandex/2.0.3.Final/jandex-2.0.3.Final.pom
2017-06-28 23:36:41,249 [Worker-19] INFO  o.e.m.c.i.e.AbstractTransferListenerAdapter - Downloaded https://repo.spring.io/milestone/org/jboss/jandex/2.0.3.Final/jandex-2.0.3.Final.pom
2017-06-28 23:36:41,498 [Worker-19] INFO  o.e.m.c.i.e.AbstractTransferListenerAdapter - Downloading https://repo.maven.apache.org/maven2/org/jboss/jandex/2.0.3.Final/jandex-2.0.3.Final.pom
2017-06-28 23:36:41,748 [Worker-19] INFO  o.e.m.c.i.e.AbstractTransferListenerAdapter - Downloaded https://repo.maven.apache.org/maven2/org/jboss/jandex/2.0.3.Final/jandex-2.0.3.Final.pom
2017-06-28 23:36:42,362 [Worker-19] INFO  o.e.m.c.i.e.AbstractTransferListenerAdapter - Downloaded https://repo.spring.io/snapshot/org/jboss/jboss-parent/12/jboss-parent-12.pom
2017-06-28 23:36:42,737 [Worker-19] INFO  o.e.m.c.i.e.AbstractTransferListenerAdapter - Downloaded https://repo.spring.io/milestone/org/jboss/jboss-parent/12/jboss-parent-12.pom
2017-06-28 23:36:42,991 [Worker-19] INFO  o.e.m.c.i.e.AbstractTransferListenerAdapter - Downloading https://repo.maven.apache.org/maven2/org/jboss/jboss-parent/12/jboss-parent-12.pom
2017-06-28 23:36:43,346 [Worker-19] INFO  o.e.m.c.i.e.AbstractTransferListenerAdapter - Downloaded https://repo.maven.apache.org/maven2/org/jboss/jboss-parent/12/jboss-parent-12.pom
2017-06-28 23:36:43,799 [Worker-19] INFO  o.e.m.c.i.e.AbstractTransferListenerAdapter - Downloaded https://repo.spring.io/snapshot/org/hibernate/common/hibernate-commons-annotations/5.0.1.Final/hibernate-commons-annotations-5.0.1.Final.pom
2017-06-28 23:36:44,165 [Worker-19] INFO  o.e.m.c.i.e.AbstractTransferListenerAdapter - Downloaded https://repo.spring.io/milestone/org/hibernate/common/hibernate-commons-annotations/5.0.1.Final/hibernate-commons-annotations-5.0.1.Final.pom
2017-06-28 23:36:44,410 [Worker-19] INFO  o.e.m.c.i.e.AbstractTransferListenerAdapter - Downloading https://repo.maven.apache.org/maven2/org/hibernate/common/hibernate-commons-annotations/5.0.1.Final/hibernate-commons-annotations-5.0.1.Final.pom
2017-06-28 23:36:44,653 [Worker-19] INFO  o.e.m.c.i.e.AbstractTransferListenerAdapter - Downloaded https://repo.maven.apache.org/maven2/org/hibernate/common/hibernate-commons-annotations/5.0.1.Final/hibernate-commons-annotations-5.0.1.Final.pom
2017-06-28 23:36:45,174 [Worker-19] INFO  o.e.m.c.i.e.AbstractTransferListenerAdapter - Downloading https://repo.spring.io/snapshot/org/springframework/data/spring-data-jpa/2.0.0.BUILD-SNAPSHOT/maven-metadata.xml
2017-06-28 23:36:45,456 [Worker-19] INFO  o.e.m.c.i.e.AbstractTransferListenerAdapter - Downloaded https://repo.spring.io/snapshot/org/springframework/data/spring-data-jpa/2.0.0.BUILD-SNAPSHOT/maven-metadata.xml
2017-06-28 23:36:45,748 [Worker-19] INFO  o.e.m.c.i.e.AbstractTransferListenerAdapter - Downloading https://repo.spring.io/snapshot/org/springframework/data/spring-data-jpa/2.0.0.BUILD-SNAPSHOT/spring-data-jpa-2.0.0.BUILD-20170626.142949-104.pom
2017-06-28 23:36:46,249 [Worker-19] INFO  o.e.m.c.i.e.AbstractTransferListenerAdapter - Downloaded https://repo.spring.io/snapshot/org/springframework/data/spring-data-jpa/2.0.0.BUILD-SNAPSHOT/spring-data-jpa-2.0.0.BUILD-20170626.142949-104.pom
2017-06-28 23:36:46,557 [Worker-19] INFO  o.e.m.c.i.e.AbstractTransferListenerAdapter - Downloading https://repo.spring.io/snapshot/org/springframework/data/build/spring-data-parent/2.0.0.BUILD-SNAPSHOT/maven-metadata.xml
2017-06-28 23:36:46,932 [Worker-19] INFO  o.e.m.c.i.e.AbstractTransferListenerAdapter - Downloaded https://repo.spring.io/snapshot/org/springframework/data/build/spring-data-parent/2.0.0.BUILD-SNAPSHOT/maven-metadata.xml
2017-06-28 23:36:47,244 [Worker-19] INFO  o.e.m.c.i.e.AbstractTransferListenerAdapter - Downloading https://repo.spring.io/snapshot/org/springframework/data/build/spring-data-parent/2.0.0.BUILD-SNAPSHOT/spring-data-parent-2.0.0.BUILD-20170626.085540-91.pom
2017-06-28 23:36:47,775 [Worker-19] INFO  o.e.m.c.i.e.AbstractTransferListenerAdapter - Downloaded https://repo.spring.io/snapshot/org/springframework/data/build/spring-data-parent/2.0.0.BUILD-SNAPSHOT/spring-data-parent-2.0.0.BUILD-20170626.085540-91.pom
2017-06-28 23:36:48,052 [Worker-19] INFO  o.e.m.c.i.e.AbstractTransferListenerAdapter - Downloaded https://repo.spring.io/snapshot/org/springframework/spring-framework-bom/5.0.0.RC2/spring-framework-bom-5.0.0.RC2.pom
2017-06-28 23:36:48,419 [Worker-19] INFO  o.e.m.c.i.e.AbstractTransferListenerAdapter - Downloading https://repo.spring.io/milestone/org/springframework/spring-framework-bom/5.0.0.RC2/spring-framework-bom-5.0.0.RC2.pom
2017-06-28 23:36:48,703 [Worker-19] INFO  o.e.m.c.i.e.AbstractTransferListenerAdapter - Downloaded https://repo.spring.io/milestone/org/springframework/spring-framework-bom/5.0.0.RC2/spring-framework-bom-5.0.0.RC2.pom
2017-06-28 23:36:49,093 [Worker-19] INFO  o.e.m.c.i.e.AbstractTransferListenerAdapter - Downloading https://repo.spring.io/snapshot/org/springframework/data/spring-data-commons/2.0.0.BUILD-SNAPSHOT/maven-metadata.xml
2017-06-28 23:36:49,372 [Worker-19] INFO  o.e.m.c.i.e.AbstractTransferListenerAdapter - Downloaded https://repo.spring.io/snapshot/org/springframework/data/spring-data-commons/2.0.0.BUILD-SNAPSHOT/maven-metadata.xml
2017-06-28 23:36:49,666 [Worker-19] INFO  o.e.m.c.i.e.AbstractTransferListenerAdapter - Downloading https://repo.spring.io/snapshot/org/springframework/data/spring-data-commons/2.0.0.BUILD-SNAPSHOT/spring-data-commons-2.0.0.BUILD-20170626.142842-107.pom
2017-06-28 23:36:49,955 [Worker-19] INFO  o.e.m.c.i.e.AbstractTransferListenerAdapter - Downloaded https://repo.spring.io/snapshot/org/springframework/data/spring-data-commons/2.0.0.BUILD-SNAPSHOT/spring-data-commons-2.0.0.BUILD-20170626.142842-107.pom
2017-06-28 23:36:50,263 [Worker-19] INFO  o.e.m.c.i.e.AbstractTransferListenerAdapter - Downloading https://repo.spring.io/snapshot/org/springframework/spring-orm/5.0.0.BUILD-SNAPSHOT/maven-metadata.xml
2017-06-28 23:36:50,572 [Worker-19] INFO  o.e.m.c.i.e.AbstractTransferListenerAdapter - Downloaded https://repo.spring.io/snapshot/org/springframework/spring-orm/5.0.0.BUILD-SNAPSHOT/maven-metadata.xml
2017-06-28 23:36:50,876 [Worker-19] INFO  o.e.m.c.i.e.AbstractTransferListenerAdapter - Downloading https://repo.spring.io/snapshot/org/springframework/spring-orm/5.0.0.BUILD-SNAPSHOT/spring-orm-5.0.0.BUILD-20170628.145713-332.pom
2017-06-28 23:36:51,324 [Worker-19] INFO  o.e.m.c.i.e.AbstractTransferListenerAdapter - Downloaded https://repo.spring.io/snapshot/org/springframework/spring-orm/5.0.0.BUILD-SNAPSHOT/spring-orm-5.0.0.BUILD-20170628.145713-332.pom
2017-06-28 23:36:51,636 [Worker-19] INFO  o.e.m.c.i.e.AbstractTransferListenerAdapter - Downloading https://repo.spring.io/snapshot/org/springframework/spring-aspects/5.0.0.BUILD-SNAPSHOT/maven-metadata.xml
2017-06-28 23:36:51,922 [Worker-19] INFO  o.e.m.c.i.e.AbstractTransferListenerAdapter - Downloaded https://repo.spring.io/snapshot/org/springframework/spring-aspects/5.0.0.BUILD-SNAPSHOT/maven-metadata.xml
2017-06-28 23:36:52,548 [Worker-19] INFO  o.e.m.c.i.e.AbstractTransferListenerAdapter - Downloading https://repo.spring.io/snapshot/org/springframework/spring-aspects/5.0.0.BUILD-SNAPSHOT/spring-aspects-5.0.0.BUILD-20170628.145713-332.pom
2017-06-28 23:36:52,859 [Worker-19] INFO  o.e.m.c.i.e.AbstractTransferListenerAdapter - Downloaded https://repo.spring.io/snapshot/org/springframework/spring-aspects/5.0.0.BUILD-SNAPSHOT/spring-aspects-5.0.0.BUILD-20170628.145713-332.pom
2017-06-28 23:36:54,797 [Worker-19] INFO  o.e.m.c.i.e.AbstractTransferListenerAdapter - Downloaded https://repo.spring.io/snapshot/org/apache/derby/derby/10.13.1.1/derby-10.13.1.1.pom
2017-06-28 23:36:55,072 [Worker-19] INFO  o.e.m.c.i.e.AbstractTransferListenerAdapter - Downloaded https://repo.spring.io/milestone/org/apache/derby/derby/10.13.1.1/derby-10.13.1.1.pom
2017-06-28 23:36:55,333 [Worker-19] INFO  o.e.m.c.i.e.AbstractTransferListenerAdapter - Downloading https://repo.maven.apache.org/maven2/org/apache/derby/derby/10.13.1.1/derby-10.13.1.1.pom
2017-06-28 23:36:55,579 [Worker-19] INFO  o.e.m.c.i.e.AbstractTransferListenerAdapter - Downloaded https://repo.maven.apache.org/maven2/org/apache/derby/derby/10.13.1.1/derby-10.13.1.1.pom
2017-06-28 23:36:55,973 [Worker-19] INFO  o.e.m.c.i.e.AbstractTransferListenerAdapter - Downloaded https://repo.spring.io/snapshot/org/apache/derby/derby-project/10.13.1.1/derby-project-10.13.1.1.pom
2017-06-28 23:36:56,356 [Worker-19] INFO  o.e.m.c.i.e.AbstractTransferListenerAdapter - Downloaded https://repo.spring.io/milestone/org/apache/derby/derby-project/10.13.1.1/derby-project-10.13.1.1.pom
2017-06-28 23:36:56,640 [Worker-19] INFO  o.e.m.c.i.e.AbstractTransferListenerAdapter - Downloading https://repo.maven.apache.org/maven2/org/apache/derby/derby-project/10.13.1.1/derby-project-10.13.1.1.pom
2017-06-28 23:36:56,885 [Worker-19] INFO  o.e.m.c.i.e.AbstractTransferListenerAdapter - Downloaded https://repo.maven.apache.org/maven2/org/apache/derby/derby-project/10.13.1.1/derby-project-10.13.1.1.pom
2017-06-28 23:36:57,670 [Worker-19] INFO  o.e.m.c.i.e.AbstractTransferListenerAdapter - Downloading https://repo.spring.io/snapshot/org/springframework/boot/spring-boot-starter-thymeleaf/2.0.0.BUILD-SNAPSHOT/maven-metadata.xml
2017-06-28 23:36:58,023 [Worker-19] INFO  o.e.m.c.i.e.AbstractTransferListenerAdapter - Downloaded https://repo.spring.io/snapshot/org/springframework/boot/spring-boot-starter-thymeleaf/2.0.0.BUILD-SNAPSHOT/maven-metadata.xml
2017-06-28 23:36:58,329 [Worker-19] INFO  o.e.m.c.i.e.AbstractTransferListenerAdapter - Downloading https://repo.spring.io/snapshot/org/springframework/boot/spring-boot-starter-thymeleaf/2.0.0.BUILD-SNAPSHOT/spring-boot-starter-thymeleaf-2.0.0.BUILD-20170628.133237-754.pom
2017-06-28 23:36:58,615 [Worker-19] INFO  o.e.m.c.i.e.AbstractTransferListenerAdapter - Downloaded https://repo.spring.io/snapshot/org/springframework/boot/spring-boot-starter-thymeleaf/2.0.0.BUILD-SNAPSHOT/spring-boot-starter-thymeleaf-2.0.0.BUILD-20170628.133237-754.pom
2017-06-28 23:36:58,906 [Worker-19] INFO  o.e.m.c.i.e.AbstractTransferListenerAdapter - Downloaded https://repo.spring.io/snapshot/org/thymeleaf/thymeleaf-spring5/3.0.6.M4/thymeleaf-spring5-3.0.6.M4.pom
2017-06-28 23:36:59,293 [Worker-19] INFO  o.e.m.c.i.e.AbstractTransferListenerAdapter - Downloaded https://repo.spring.io/milestone/org/thymeleaf/thymeleaf-spring5/3.0.6.M4/thymeleaf-spring5-3.0.6.M4.pom
2017-06-28 23:36:59,541 [Worker-19] INFO  o.e.m.c.i.e.AbstractTransferListenerAdapter - Downloading https://repo.maven.apache.org/maven2/org/thymeleaf/thymeleaf-spring5/3.0.6.M4/thymeleaf-spring5-3.0.6.M4.pom
2017-06-28 23:36:59,806 [Worker-19] INFO  o.e.m.c.i.e.AbstractTransferListenerAdapter - Downloaded https://repo.maven.apache.org/maven2/org/thymeleaf/thymeleaf-spring5/3.0.6.M4/thymeleaf-spring5-3.0.6.M4.pom
2017-06-28 23:37:00,204 [Worker-19] INFO  o.e.m.c.i.e.AbstractTransferListenerAdapter - Downloaded https://repo.spring.io/snapshot/org/thymeleaf/thymeleaf/3.0.6.RELEASE/thymeleaf-3.0.6.RELEASE.pom
2017-06-28 23:37:00,568 [Worker-19] INFO  o.e.m.c.i.e.AbstractTransferListenerAdapter - Downloaded https://repo.spring.io/milestone/org/thymeleaf/thymeleaf/3.0.6.RELEASE/thymeleaf-3.0.6.RELEASE.pom
2017-06-28 23:37:00,821 [Worker-19] INFO  o.e.m.c.i.e.AbstractTransferListenerAdapter - Downloading https://repo.maven.apache.org/maven2/org/thymeleaf/thymeleaf/3.0.6.RELEASE/thymeleaf-3.0.6.RELEASE.pom
2017-06-28 23:37:01,100 [Worker-19] INFO  o.e.m.c.i.e.AbstractTransferListenerAdapter - Downloaded https://repo.maven.apache.org/maven2/org/thymeleaf/thymeleaf/3.0.6.RELEASE/thymeleaf-3.0.6.RELEASE.pom
2017-06-28 23:37:01,714 [Worker-19] INFO  o.e.m.c.i.e.AbstractTransferListenerAdapter - Downloaded https://repo.spring.io/snapshot/org/attoparser/attoparser/2.0.4.RELEASE/attoparser-2.0.4.RELEASE.pom
2017-06-28 23:37:02,107 [Worker-19] INFO  o.e.m.c.i.e.AbstractTransferListenerAdapter - Downloaded https://repo.spring.io/milestone/org/attoparser/attoparser/2.0.4.RELEASE/attoparser-2.0.4.RELEASE.pom
2017-06-28 23:37:02,356 [Worker-19] INFO  o.e.m.c.i.e.AbstractTransferListenerAdapter - Downloading https://repo.maven.apache.org/maven2/org/attoparser/attoparser/2.0.4.RELEASE/attoparser-2.0.4.RELEASE.pom
2017-06-28 23:37:02,634 [Worker-19] INFO  o.e.m.c.i.e.AbstractTransferListenerAdapter - Downloaded https://repo.maven.apache.org/maven2/org/attoparser/attoparser/2.0.4.RELEASE/attoparser-2.0.4.RELEASE.pom
2017-06-28 23:37:02,995 [Worker-19] INFO  o.e.m.c.i.e.AbstractTransferListenerAdapter - Downloaded https://repo.spring.io/snapshot/org/unbescape/unbescape/1.1.4.RELEASE/unbescape-1.1.4.RELEASE.pom
2017-06-28 23:37:03,400 [Worker-19] INFO  o.e.m.c.i.e.AbstractTransferListenerAdapter - Downloaded https://repo.spring.io/milestone/org/unbescape/unbescape/1.1.4.RELEASE/unbescape-1.1.4.RELEASE.pom
2017-06-28 23:37:03,650 [Worker-19] INFO  o.e.m.c.i.e.AbstractTransferListenerAdapter - Downloading https://repo.maven.apache.org/maven2/org/unbescape/unbescape/1.1.4.RELEASE/unbescape-1.1.4.RELEASE.pom
2017-06-28 23:37:03,941 [Worker-19] INFO  o.e.m.c.i.e.AbstractTransferListenerAdapter - Downloaded https://repo.maven.apache.org/maven2/org/unbescape/unbescape/1.1.4.RELEASE/unbescape-1.1.4.RELEASE.pom
2017-06-28 23:37:04,330 [Worker-19] INFO  o.e.m.c.i.e.AbstractTransferListenerAdapter - Downloaded https://repo.spring.io/snapshot/org/thymeleaf/extras/thymeleaf-extras-java8time/3.0.0.RELEASE/thymeleaf-extras-java8time-3.0.0.RELEASE.pom
2017-06-28 23:37:04,715 [Worker-19] INFO  o.e.m.c.i.e.AbstractTransferListenerAdapter - Downloaded https://repo.spring.io/milestone/org/thymeleaf/extras/thymeleaf-extras-java8time/3.0.0.RELEASE/thymeleaf-extras-java8time-3.0.0.RELEASE.pom
2017-06-28 23:37:04,967 [Worker-19] INFO  o.e.m.c.i.e.AbstractTransferListenerAdapter - Downloading https://repo.maven.apache.org/maven2/org/thymeleaf/extras/thymeleaf-extras-java8time/3.0.0.RELEASE/thymeleaf-extras-java8time-3.0.0.RELEASE.pom
2017-06-28 23:37:05,227 [Worker-19] INFO  o.e.m.c.i.e.AbstractTransferListenerAdapter - Downloaded https://repo.maven.apache.org/maven2/org/thymeleaf/extras/thymeleaf-extras-java8time/3.0.0.RELEASE/thymeleaf-extras-java8time-3.0.0.RELEASE.pom
2017-06-28 23:37:05,621 [Worker-19] INFO  o.e.m.c.i.e.AbstractTransferListenerAdapter - Downloaded https://repo.spring.io/snapshot/ognl/ognl/3.1.12/ognl-3.1.12.pom
2017-06-28 23:37:05,989 [Worker-19] INFO  o.e.m.c.i.e.AbstractTransferListenerAdapter - Downloaded https://repo.spring.io/milestone/ognl/ognl/3.1.12/ognl-3.1.12.pom
2017-06-28 23:37:06,238 [Worker-19] INFO  o.e.m.c.i.e.AbstractTransferListenerAdapter - Downloading https://repo.maven.apache.org/maven2/ognl/ognl/3.1.12/ognl-3.1.12.pom
2017-06-28 23:37:06,491 [Worker-19] INFO  o.e.m.c.i.e.AbstractTransferListenerAdapter - Downloaded https://repo.maven.apache.org/maven2/ognl/ognl/3.1.12/ognl-3.1.12.pom
2017-06-28 23:37:07,251 [Worker-19] INFO  o.e.m.c.i.e.AbstractTransferListenerAdapter - Downloading https://repo.spring.io/snapshot/org/springframework/boot/spring-boot-starter-data-jpa/2.0.0.BUILD-SNAPSHOT/spring-boot-starter-data-jpa-2.0.0.BUILD-20170628.133237-754.jar
2017-06-28 23:37:07,557 [Worker-19] INFO  o.e.m.c.i.e.AbstractTransferListenerAdapter - Downloaded https://repo.spring.io/snapshot/org/springframework/boot/spring-boot-starter-data-jpa/2.0.0.BUILD-SNAPSHOT/spring-boot-starter-data-jpa-2.0.0.BUILD-20170628.133237-754.jar
2017-06-28 23:37:07,839 [Worker-19] INFO  o.e.m.c.i.e.AbstractTransferListenerAdapter - Downloading https://repo.spring.io/snapshot/org/springframework/boot/spring-boot-starter-aop/2.0.0.BUILD-SNAPSHOT/spring-boot-starter-aop-2.0.0.BUILD-20170628.133237-754.jar
2017-06-28 23:37:08,123 [Worker-19] INFO  o.e.m.c.i.e.AbstractTransferListenerAdapter - Downloaded https://repo.spring.io/snapshot/org/springframework/boot/spring-boot-starter-aop/2.0.0.BUILD-SNAPSHOT/spring-boot-starter-aop-2.0.0.BUILD-20170628.133237-754.jar
2017-06-28 23:37:08,400 [Worker-19] INFO  o.e.m.c.i.e.AbstractTransferListenerAdapter - Downloaded https://repo.spring.io/snapshot/org/aspectj/aspectjweaver/1.8.10/aspectjweaver-1.8.10.jar
2017-06-28 23:37:08,825 [Worker-19] INFO  o.e.m.c.i.e.AbstractTransferListenerAdapter - Downloading https://repo.spring.io/snapshot/org/springframework/boot/spring-boot-starter-jdbc/2.0.0.BUILD-SNAPSHOT/spring-boot-starter-jdbc-2.0.0.BUILD-20170628.133237-754.jar
2017-06-28 23:37:09,109 [Worker-19] INFO  o.e.m.c.i.e.AbstractTransferListenerAdapter - Downloaded https://repo.spring.io/snapshot/org/springframework/boot/spring-boot-starter-jdbc/2.0.0.BUILD-SNAPSHOT/spring-boot-starter-jdbc-2.0.0.BUILD-20170628.133237-754.jar
2017-06-28 23:37:09,383 [Worker-19] INFO  o.e.m.c.i.e.AbstractTransferListenerAdapter - Downloaded https://repo.spring.io/snapshot/com/zaxxer/HikariCP/2.6.2/HikariCP-2.6.2.jar
2017-06-28 23:37:09,820 [Worker-19] INFO  o.e.m.c.i.e.AbstractTransferListenerAdapter - Downloading https://repo.spring.io/snapshot/org/springframework/spring-jdbc/5.0.0.BUILD-SNAPSHOT/spring-jdbc-5.0.0.BUILD-20170628.145713-332.jar
2017-06-28 23:37:11,081 [Worker-19] INFO  o.e.m.c.i.e.AbstractTransferListenerAdapter - Downloaded https://repo.spring.io/snapshot/org/springframework/spring-jdbc/5.0.0.BUILD-SNAPSHOT/spring-jdbc-5.0.0.BUILD-20170628.145713-332.jar
2017-06-28 23:37:11,363 [Worker-19] INFO  o.e.m.c.i.e.AbstractTransferListenerAdapter - Downloaded https://repo.spring.io/snapshot/org/hibernate/hibernate-core/5.2.10.Final/hibernate-core-5.2.10.Final.jar
2017-06-28 23:37:11,763 [Worker-19] INFO  o.e.m.c.i.e.AbstractTransferListenerAdapter - Downloaded https://repo.spring.io/snapshot/org/javassist/javassist/3.21.0-GA/javassist-3.21.0-GA.jar
2017-06-28 23:37:12,153 [Worker-19] INFO  o.e.m.c.i.e.AbstractTransferListenerAdapter - Downloaded https://repo.spring.io/snapshot/org/jboss/jandex/2.0.3.Final/jandex-2.0.3.Final.jar
2017-06-28 23:37:12,536 [Worker-19] INFO  o.e.m.c.i.e.AbstractTransferListenerAdapter - Downloaded https://repo.spring.io/snapshot/org/hibernate/common/hibernate-commons-annotations/5.0.1.Final/hibernate-commons-annotations-5.0.1.Final.jar
2017-06-28 23:37:13,164 [Worker-19] INFO  o.e.m.c.i.e.AbstractTransferListenerAdapter - Downloading https://repo.spring.io/snapshot/org/springframework/data/spring-data-jpa/2.0.0.BUILD-SNAPSHOT/spring-data-jpa-2.0.0.BUILD-20170626.142949-104.jar
2017-06-28 23:37:14,374 [Worker-19] INFO  o.e.m.c.i.e.AbstractTransferListenerAdapter - Downloaded https://repo.spring.io/snapshot/org/springframework/data/spring-data-jpa/2.0.0.BUILD-SNAPSHOT/spring-data-jpa-2.0.0.BUILD-20170626.142949-104.jar
2017-06-28 23:37:14,882 [Worker-19] INFO  o.e.m.c.i.e.AbstractTransferListenerAdapter - Downloading https://repo.spring.io/snapshot/org/springframework/data/spring-data-commons/2.0.0.BUILD-SNAPSHOT/spring-data-commons-2.0.0.BUILD-20170626.142842-107.jar
2017-06-28 23:37:17,808 [Worker-19] INFO  o.e.m.c.i.e.AbstractTransferListenerAdapter - Downloaded https://repo.spring.io/snapshot/org/springframework/data/spring-data-commons/2.0.0.BUILD-SNAPSHOT/spring-data-commons-2.0.0.BUILD-20170626.142842-107.jar
2017-06-28 23:37:18,336 [Worker-19] INFO  o.e.m.c.i.e.AbstractTransferListenerAdapter - Downloading https://repo.spring.io/snapshot/org/springframework/spring-orm/5.0.0.BUILD-SNAPSHOT/spring-orm-5.0.0.BUILD-20170628.145713-332.jar
2017-06-28 23:37:19,343 [Worker-19] INFO  o.e.m.c.i.e.AbstractTransferListenerAdapter - Downloaded https://repo.spring.io/snapshot/org/springframework/spring-orm/5.0.0.BUILD-SNAPSHOT/spring-orm-5.0.0.BUILD-20170628.145713-332.jar
2017-06-28 23:37:19,630 [Worker-19] INFO  o.e.m.c.i.e.AbstractTransferListenerAdapter - Downloading https://repo.spring.io/snapshot/org/springframework/spring-tx/5.0.0.BUILD-SNAPSHOT/spring-tx-5.0.0.BUILD-20170628.145713-332.jar
2017-06-28 23:37:20,867 [Worker-19] INFO  o.e.m.c.i.e.AbstractTransferListenerAdapter - Downloaded https://repo.spring.io/snapshot/org/springframework/spring-tx/5.0.0.BUILD-SNAPSHOT/spring-tx-5.0.0.BUILD-20170628.145713-332.jar
2017-06-28 23:37:21,171 [Worker-19] INFO  o.e.m.c.i.e.AbstractTransferListenerAdapter - Downloading https://repo.spring.io/snapshot/org/springframework/spring-aspects/5.0.0.BUILD-SNAPSHOT/spring-aspects-5.0.0.BUILD-20170628.145713-332.jar
2017-06-28 23:37:21,915 [Worker-19] INFO  o.e.m.c.i.e.AbstractTransferListenerAdapter - Downloaded https://repo.spring.io/snapshot/org/springframework/spring-aspects/5.0.0.BUILD-SNAPSHOT/spring-aspects-5.0.0.BUILD-20170628.145713-332.jar
2017-06-28 23:37:22,195 [Worker-19] INFO  o.e.m.c.i.e.AbstractTransferListenerAdapter - Downloaded https://repo.spring.io/snapshot/org/apache/derby/derby/10.13.1.1/derby-10.13.1.1.jar
2017-06-28 23:37:22,621 [Worker-19] INFO  o.e.m.c.i.e.AbstractTransferListenerAdapter - Downloading https://repo.spring.io/snapshot/org/springframework/boot/spring-boot-starter-thymeleaf/2.0.0.BUILD-SNAPSHOT/spring-boot-starter-thymeleaf-2.0.0.BUILD-20170628.133237-754.jar
2017-06-28 23:37:22,905 [Worker-19] INFO  o.e.m.c.i.e.AbstractTransferListenerAdapter - Downloaded https://repo.spring.io/snapshot/org/springframework/boot/spring-boot-starter-thymeleaf/2.0.0.BUILD-SNAPSHOT/spring-boot-starter-thymeleaf-2.0.0.BUILD-20170628.133237-754.jar
2017-06-28 23:37:23,179 [Worker-19] INFO  o.e.m.c.i.e.AbstractTransferListenerAdapter - Downloaded https://repo.spring.io/snapshot/org/thymeleaf/thymeleaf-spring5/3.0.6.M4/thymeleaf-spring5-3.0.6.M4.jar
2017-06-28 23:37:23,568 [Worker-19] INFO  o.e.m.c.i.e.AbstractTransferListenerAdapter - Downloaded https://repo.spring.io/snapshot/org/thymeleaf/thymeleaf/3.0.6.RELEASE/thymeleaf-3.0.6.RELEASE.jar
2017-06-28 23:37:23,972 [Worker-19] INFO  o.e.m.c.i.e.AbstractTransferListenerAdapter - Downloaded https://repo.spring.io/snapshot/org/attoparser/attoparser/2.0.4.RELEASE/attoparser-2.0.4.RELEASE.jar
2017-06-28 23:37:24,602 [Worker-19] INFO  o.e.m.c.i.e.AbstractTransferListenerAdapter - Downloaded https://repo.spring.io/snapshot/org/unbescape/unbescape/1.1.4.RELEASE/unbescape-1.1.4.RELEASE.jar
2017-06-28 23:37:25,129 [Worker-19] INFO  o.e.m.c.i.e.AbstractTransferListenerAdapter - Downloaded https://repo.spring.io/snapshot/org/thymeleaf/extras/thymeleaf-extras-java8time/3.0.0.RELEASE/thymeleaf-extras-java8time-3.0.0.RELEASE.jar
2017-06-28 23:37:27,356 [Worker-19] INFO  o.e.m.c.i.e.AbstractTransferListenerAdapter - Downloaded https://repo.spring.io/milestone/org/aspectj/aspectjweaver/1.8.10/aspectjweaver-1.8.10.jar
2017-06-28 23:37:27,761 [Worker-19] INFO  o.e.m.c.i.e.AbstractTransferListenerAdapter - Downloaded https://repo.spring.io/milestone/com/zaxxer/HikariCP/2.6.2/HikariCP-2.6.2.jar
2017-06-28 23:37:28,153 [Worker-19] INFO  o.e.m.c.i.e.AbstractTransferListenerAdapter - Downloaded https://repo.spring.io/milestone/org/hibernate/hibernate-core/5.2.10.Final/hibernate-core-5.2.10.Final.jar
2017-06-28 23:37:28,557 [Worker-19] INFO  o.e.m.c.i.e.AbstractTransferListenerAdapter - Downloaded https://repo.spring.io/milestone/org/javassist/javassist/3.21.0-GA/javassist-3.21.0-GA.jar
2017-06-28 23:37:28,968 [Worker-19] INFO  o.e.m.c.i.e.AbstractTransferListenerAdapter - Downloaded https://repo.spring.io/milestone/org/jboss/jandex/2.0.3.Final/jandex-2.0.3.Final.jar
2017-06-28 23:37:29,363 [Worker-19] INFO  o.e.m.c.i.e.AbstractTransferListenerAdapter - Downloaded https://repo.spring.io/milestone/org/hibernate/common/hibernate-commons-annotations/5.0.1.Final/hibernate-commons-annotations-5.0.1.Final.jar
2017-06-28 23:37:29,963 [Worker-19] INFO  o.e.m.c.i.e.AbstractTransferListenerAdapter - Downloaded https://repo.spring.io/milestone/org/apache/derby/derby/10.13.1.1/derby-10.13.1.1.jar
2017-06-28 23:37:30,347 [Worker-19] INFO  o.e.m.c.i.e.AbstractTransferListenerAdapter - Downloaded https://repo.spring.io/milestone/org/thymeleaf/thymeleaf-spring5/3.0.6.M4/thymeleaf-spring5-3.0.6.M4.jar
2017-06-28 23:37:30,737 [Worker-19] INFO  o.e.m.c.i.e.AbstractTransferListenerAdapter - Downloaded https://repo.spring.io/milestone/org/thymeleaf/thymeleaf/3.0.6.RELEASE/thymeleaf-3.0.6.RELEASE.jar
2017-06-28 23:37:31,130 [Worker-19] INFO  o.e.m.c.i.e.AbstractTransferListenerAdapter - Downloaded https://repo.spring.io/milestone/org/attoparser/attoparser/2.0.4.RELEASE/attoparser-2.0.4.RELEASE.jar
2017-06-28 23:37:31,751 [Worker-19] INFO  o.e.m.c.i.e.AbstractTransferListenerAdapter - Downloaded https://repo.spring.io/milestone/org/unbescape/unbescape/1.1.4.RELEASE/unbescape-1.1.4.RELEASE.jar
2017-06-28 23:37:32,154 [Worker-19] INFO  o.e.m.c.i.e.AbstractTransferListenerAdapter - Downloaded https://repo.spring.io/milestone/org/thymeleaf/extras/thymeleaf-extras-java8time/3.0.0.RELEASE/thymeleaf-extras-java8time-3.0.0.RELEASE.jar
2017-06-28 23:37:32,418 [Worker-19] INFO  o.e.m.c.i.e.AbstractTransferListenerAdapter - Downloading https://repo.maven.apache.org/maven2/org/aspectj/aspectjweaver/1.8.10/aspectjweaver-1.8.10.jar
2017-06-28 23:37:42,898 [Worker-19] INFO  o.e.m.c.i.e.AbstractTransferListenerAdapter - Downloaded https://repo.maven.apache.org/maven2/org/aspectj/aspectjweaver/1.8.10/aspectjweaver-1.8.10.jar
2017-06-28 23:37:43,146 [Worker-19] INFO  o.e.m.c.i.e.AbstractTransferListenerAdapter - Downloading https://repo.maven.apache.org/maven2/com/zaxxer/HikariCP/2.6.2/HikariCP-2.6.2.jar
2017-06-28 23:37:44,895 [Worker-19] INFO  o.e.m.c.i.e.AbstractTransferListenerAdapter - Downloaded https://repo.maven.apache.org/maven2/com/zaxxer/HikariCP/2.6.2/HikariCP-2.6.2.jar
2017-06-28 23:37:45,139 [Worker-19] INFO  o.e.m.c.i.e.AbstractTransferListenerAdapter - Downloading https://repo.maven.apache.org/maven2/org/hibernate/hibernate-core/5.2.10.Final/hibernate-core-5.2.10.Final.jar
2017-06-28 23:38:28,208 [Worker-19] INFO  o.e.m.c.i.e.AbstractTransferListenerAdapter - Downloaded https://repo.maven.apache.org/maven2/org/hibernate/hibernate-core/5.2.10.Final/hibernate-core-5.2.10.Final.jar
2017-06-28 23:38:28,209 [Worker-19] INFO  o.e.m.c.i.e.AbstractTransferListenerAdapter - Downloaded https://repo.maven.apache.org/maven2/org/javassist/javassist/3.21.0-GA/javassist-3.21.0-GA.jar
2017-06-28 23:38:28,209 [Worker-19] INFO  o.e.m.c.i.e.AbstractTransferListenerAdapter - Downloaded https://repo.maven.apache.org/maven2/org/jboss/jandex/2.0.3.Final/jandex-2.0.3.Final.jar
2017-06-28 23:38:28,210 [Worker-19] INFO  o.e.m.c.i.e.AbstractTransferListenerAdapter - Downloaded https://repo.maven.apache.org/maven2/org/hibernate/common/hibernate-commons-annotations/5.0.1.Final/hibernate-commons-annotations-5.0.1.Final.jar
2017-06-28 23:38:28,210 [Worker-19] INFO  o.e.m.c.i.e.AbstractTransferListenerAdapter - Downloaded https://repo.maven.apache.org/maven2/org/apache/derby/derby/10.13.1.1/derby-10.13.1.1.jar
2017-06-28 23:38:28,210 [Worker-19] INFO  o.e.m.c.i.e.AbstractTransferListenerAdapter - Downloaded https://repo.maven.apache.org/maven2/org/thymeleaf/thymeleaf-spring5/3.0.6.M4/thymeleaf-spring5-3.0.6.M4.jar
2017-06-28 23:38:28,210 [Worker-19] INFO  o.e.m.c.i.e.AbstractTransferListenerAdapter - Downloaded https://repo.maven.apache.org/maven2/org/thymeleaf/thymeleaf/3.0.6.RELEASE/thymeleaf-3.0.6.RELEASE.jar
2017-06-28 23:38:28,211 [Worker-19] INFO  o.e.m.c.i.e.AbstractTransferListenerAdapter - Downloaded https://repo.maven.apache.org/maven2/org/attoparser/attoparser/2.0.4.RELEASE/attoparser-2.0.4.RELEASE.jar
2017-06-28 23:38:28,211 [Worker-19] INFO  o.e.m.c.i.e.AbstractTransferListenerAdapter - Downloaded https://repo.maven.apache.org/maven2/org/unbescape/unbescape/1.1.4.RELEASE/unbescape-1.1.4.RELEASE.jar
2017-06-28 23:38:28,211 [Worker-19] INFO  o.e.m.c.i.e.AbstractTransferListenerAdapter - Downloaded https://repo.maven.apache.org/maven2/org/thymeleaf/extras/thymeleaf-extras-java8time/3.0.0.RELEASE/thymeleaf-extras-java8time-3.0.0.RELEASE.jar
2017-06-28 23:38:28,824 [Worker-19] INFO  o.e.m.c.i.e.AbstractTransferListenerAdapter - Downloaded https://oss.sonatype.org/content/repositories/snapshots/org/thymeleaf/thymeleaf/3.0.6.RELEASE/thymeleaf-3.0.6.RELEASE.jar
2017-06-28 23:38:28,824 [Worker-19] INFO  o.e.m.c.i.e.AbstractTransferListenerAdapter - Downloaded https://oss.sonatype.org/content/repositories/snapshots/org/attoparser/attoparser/2.0.4.RELEASE/attoparser-2.0.4.RELEASE.jar
2017-06-28 23:38:28,825 [Worker-19] INFO  o.e.m.c.i.e.AbstractTransferListenerAdapter - Downloaded https://oss.sonatype.org/content/repositories/snapshots/org/unbescape/unbescape/1.1.4.RELEASE/unbescape-1.1.4.RELEASE.jar
2017-06-28 23:38:29,966 [Worker-18] ERROR o.e.m.c.internal.embedder.MavenImpl - Could not read parent project
org.apache.maven.project.ProjectBuildingException: Some problems were encountered while processing the POMs:
[ERROR] Unknown packaging: pom @ line 6, column 13

	at org.apache.maven.project.DefaultProjectBuilder.build(DefaultProjectBuilder.java:195) ~[maven-core-3.3.3.jar:3.3.3]
	at org.apache.maven.project.DefaultProjectBuilder.build(DefaultProjectBuilder.java:368) ~[maven-core-3.3.3.jar:3.3.3]
	at org.apache.maven.project.DefaultProjectBuilder.build(DefaultProjectBuilder.java:287) ~[maven-core-3.3.3.jar:3.3.3]
	at org.eclipse.m2e.core.internal.embedder.MavenImpl.resolveParentProject(MavenImpl.java:688) [org.eclipse.m2e.core_1.6.3.20160209-1446.jar:na]
	at org.eclipse.m2e.core.internal.embedder.MavenImpl$4.call(MavenImpl.java:709) [org.eclipse.m2e.core_1.6.3.20160209-1446.jar:na]
	at org.eclipse.m2e.core.internal.embedder.MavenImpl$4.call(MavenImpl.java:1) [org.eclipse.m2e.core_1.6.3.20160209-1446.jar:na]
	at org.eclipse.m2e.core.internal.embedder.MavenExecutionContext.executeBare(MavenExecutionContext.java:176) [org.eclipse.m2e.core_1.6.3.20160209-1446.jar:na]
	at org.eclipse.m2e.core.internal.embedder.MavenExecutionContext.execute(MavenExecutionContext.java:112) [org.eclipse.m2e.core_1.6.3.20160209-1446.jar:na]
	at org.eclipse.m2e.core.internal.embedder.MavenImpl.resolveParentProject(MavenImpl.java:707) [org.eclipse.m2e.core_1.6.3.20160209-1446.jar:na]
	at org.eclipse.m2e.core.internal.lifecyclemapping.LifecycleMappingFactory.getPomMappingMetadataSources(LifecycleMappingFactory.java:834) [org.eclipse.m2e.core_1.6.3.20160209-1446.jar:na]
	at org.eclipse.m2e.core.internal.lifecyclemapping.LifecycleMappingFactory.getProjectMetadataSourcesMap(LifecycleMappingFactory.java:276) [org.eclipse.m2e.core_1.6.3.20160209-1446.jar:na]
	at org.eclipse.m2e.core.internal.lifecyclemapping.LifecycleMappingFactory.getProjectMetadataSources(LifecycleMappingFactory.java:254) [org.eclipse.m2e.core_1.6.3.20160209-1446.jar:na]
	at org.eclipse.m2e.core.internal.lifecyclemapping.LifecycleMappingFactory.calculateEffectiveLifecycleMappingMetadata(LifecycleMappingFactory.java:238) [org.eclipse.m2e.core_1.6.3.20160209-1446.jar:na]
	at org.eclipse.m2e.core.internal.lifecyclemapping.LifecycleMappingFactory.calculateLifecycleMapping(LifecycleMappingFactory.java:179) [org.eclipse.m2e.core_1.6.3.20160209-1446.jar:na]
	at org.eclipse.m2e.core.internal.project.registry.ProjectRegistryManager.setupLifecycleMapping(ProjectRegistryManager.java:593) [org.eclipse.m2e.core_1.6.3.20160209-1446.jar:na]
	at org.eclipse.m2e.core.internal.project.registry.ProjectRegistryManager.refreshPhase2(ProjectRegistryManager.java:512) [org.eclipse.m2e.core_1.6.3.20160209-1446.jar:na]
	at org.eclipse.m2e.core.internal.project.registry.ProjectRegistryManager$3.call(ProjectRegistryManager.java:491) [org.eclipse.m2e.core_1.6.3.20160209-1446.jar:na]
	at org.eclipse.m2e.core.internal.project.registry.ProjectRegistryManager$3.call(ProjectRegistryManager.java:1) [org.eclipse.m2e.core_1.6.3.20160209-1446.jar:na]
	at org.eclipse.m2e.core.internal.embedder.MavenExecutionContext.executeBare(MavenExecutionContext.java:176) [org.eclipse.m2e.core_1.6.3.20160209-1446.jar:na]
	at org.eclipse.m2e.core.internal.embedder.MavenExecutionContext.execute(MavenExecutionContext.java:151) [org.eclipse.m2e.core_1.6.3.20160209-1446.jar:na]
	at org.eclipse.m2e.core.internal.project.registry.ProjectRegistryManager.refresh(ProjectRegistryManager.java:495) [org.eclipse.m2e.core_1.6.3.20160209-1446.jar:na]
	at org.eclipse.m2e.core.internal.project.registry.ProjectRegistryManager.refresh(ProjectRegistryManager.java:350) [org.eclipse.m2e.core_1.6.3.20160209-1446.jar:na]
	at org.eclipse.m2e.core.internal.project.registry.ProjectRegistryManager.refresh(ProjectRegistryManager.java:297) [org.eclipse.m2e.core_1.6.3.20160209-1446.jar:na]
	at org.eclipse.m2e.core.internal.builder.MavenBuilder$BuildMethod.getProjectFacade(MavenBuilder.java:154) [org.eclipse.m2e.core_1.6.3.20160209-1446.jar:na]
	at org.eclipse.m2e.core.internal.builder.MavenBuilder$BuildMethod$1.call(MavenBuilder.java:89) [org.eclipse.m2e.core_1.6.3.20160209-1446.jar:na]
	at org.eclipse.m2e.core.internal.embedder.MavenExecutionContext.executeBare(MavenExecutionContext.java:176) [org.eclipse.m2e.core_1.6.3.20160209-1446.jar:na]
	at org.eclipse.m2e.core.internal.embedder.MavenExecutionContext.execute(MavenExecutionContext.java:151) [org.eclipse.m2e.core_1.6.3.20160209-1446.jar:na]
	at org.eclipse.m2e.core.internal.embedder.MavenExecutionContext.execute(MavenExecutionContext.java:99) [org.eclipse.m2e.core_1.6.3.20160209-1446.jar:na]
	at org.eclipse.m2e.core.internal.builder.MavenBuilder$BuildMethod.execute(MavenBuilder.java:86) [org.eclipse.m2e.core_1.6.3.20160209-1446.jar:na]
	at org.eclipse.m2e.core.internal.builder.MavenBuilder.build(MavenBuilder.java:200) [org.eclipse.m2e.core_1.6.3.20160209-1446.jar:na]
	at org.eclipse.core.internal.events.BuildManager$2.run(BuildManager.java:734) [org.eclipse.core.resources_3.10.1.v20150725-1910.jar:na]
	at org.eclipse.core.runtime.SafeRunner.run(SafeRunner.java:42) [org.eclipse.equinox.common_3.7.0.v20150402-1709.jar:na]
	at org.eclipse.core.internal.events.BuildManager.basicBuild(BuildManager.java:205) [org.eclipse.core.resources_3.10.1.v20150725-1910.jar:na]
	at org.eclipse.core.internal.events.BuildManager.basicBuild(BuildManager.java:245) [org.eclipse.core.resources_3.10.1.v20150725-1910.jar:na]
	at org.eclipse.core.internal.events.BuildManager$1.run(BuildManager.java:300) [org.eclipse.core.resources_3.10.1.v20150725-1910.jar:na]
	at org.eclipse.core.runtime.SafeRunner.run(SafeRunner.java:42) [org.eclipse.equinox.common_3.7.0.v20150402-1709.jar:na]
	at org.eclipse.core.internal.events.BuildManager.basicBuild(BuildManager.java:303) [org.eclipse.core.resources_3.10.1.v20150725-1910.jar:na]
	at org.eclipse.core.internal.events.BuildManager.basicBuildLoop(BuildManager.java:359) [org.eclipse.core.resources_3.10.1.v20150725-1910.jar:na]
	at org.eclipse.core.internal.events.BuildManager.build(BuildManager.java:382) [org.eclipse.core.resources_3.10.1.v20150725-1910.jar:na]
	at org.eclipse.core.internal.events.AutoBuildJob.doBuild(AutoBuildJob.java:144) [org.eclipse.core.resources_3.10.1.v20150725-1910.jar:na]
	at org.eclipse.core.internal.events.AutoBuildJob.run(AutoBuildJob.java:235) [org.eclipse.core.resources_3.10.1.v20150725-1910.jar:na]
	at org.eclipse.core.internal.jobs.Worker.run(Worker.java:55) [org.eclipse.core.jobs_3.7.0.v20150330-2103.jar:na]
Caused by: org.apache.maven.model.building.ModelBuildingException: 1 problem was encountered while building the effective model for org.springframework.boot:spring-boot-dependencies:2.0.0.BUILD-SNAPSHOT
[ERROR] Unknown packaging: pom @ line 6, column 13

	at org.apache.maven.model.building.DefaultModelProblemCollector.newModelBuildingException(DefaultModelProblemCollector.java:197) ~[maven-model-builder-3.3.3.jar:3.3.3]
	at org.apache.maven.model.building.DefaultModelBuilder.build(DefaultModelBuilder.java:475) ~[maven-model-builder-3.3.3.jar:3.3.3]
	at org.apache.maven.model.building.DefaultModelBuilder.build(DefaultModelBuilder.java:417) ~[maven-model-builder-3.3.3.jar:3.3.3]
	at org.apache.maven.model.building.DefaultModelBuilder.build(DefaultModelBuilder.java:407) ~[maven-model-builder-3.3.3.jar:3.3.3]
	at org.apache.maven.project.DefaultProjectBuilder.build(DefaultProjectBuilder.java:161) ~[maven-core-3.3.3.jar:3.3.3]
	... 41 common frames omitted
2017-06-28 23:38:29,968 [Worker-18] INFO  o.e.m.c.i.l.LifecycleMappingFactory - Using null lifecycle mapping for MavenProject: com.personal.SpringDataJPA:springDataJPASampleApp:0.0.1-SNAPSHOT @ /home/manish/Desktop/SpringWorkspace/SpringDataJPA/springDataJPASampleApp/pom.xml.
2017-06-28 23:39:35,098 [main] ERROR o.e.m2e.editor.pom.OverviewPage - Failed to populate overview panel
java.lang.NullPointerException: null
	at org.eclipse.m2e.core.ui.internal.editing.PomEdits.performOnDOMDocument(PomEdits.java:510) ~[org.eclipse.m2e.core.ui_1.6.3.20160209-1446.jar:na]
	at org.eclipse.m2e.editor.pom.OverviewPage$17.run(OverviewPage.java:1129) ~[na:na]
	at org.eclipse.swt.widgets.RunnableLock.run(RunnableLock.java:35) [org.eclipse.swt.gtk.linux.x86_64_3.104.2.v20160127-0046.jar:na]
	at org.eclipse.swt.widgets.Synchronizer.runAsyncMessages(Synchronizer.java:135) [org.eclipse.swt.gtk.linux.x86_64_3.104.2.v20160127-0046.jar:na]
	at org.eclipse.swt.widgets.Display.runAsyncMessages(Display.java:3794) [org.eclipse.swt.gtk.linux.x86_64_3.104.2.v20160127-0046.jar:na]
	at org.eclipse.swt.widgets.Display.readAndDispatch(Display.java:3433) [org.eclipse.swt.gtk.linux.x86_64_3.104.2.v20160127-0046.jar:na]
	at org.eclipse.jface.operation.ModalContext$ModalContextThread.block(ModalContext.java:172) [org.eclipse.jface_3.11.1.v20160128-1644.jar:na]
	at org.eclipse.jface.operation.ModalContext.run(ModalContext.java:387) [org.eclipse.jface_3.11.1.v20160128-1644.jar:na]
	at org.eclipse.jface.dialogs.ProgressMonitorDialog.run(ProgressMonitorDialog.java:500) [org.eclipse.jface_3.11.1.v20160128-1644.jar:na]
	at org.eclipse.ui.internal.progress.ProgressMonitorJobsDialog.run(ProgressMonitorJobsDialog.java:284) [org.eclipse.ui.workbench_3.107.1.v20160120-2131.jar:na]
	at org.eclipse.ui.internal.ide.application.IDEWorkbenchAdvisor.disconnectFromWorkspace(IDEWorkbenchAdvisor.java:460) [org.eclipse.ui.ide.application_1.1.0.v20150422-0725.jar:na]
	at org.eclipse.ui.internal.ide.application.IDEWorkbenchAdvisor.postShutdown(IDEWorkbenchAdvisor.java:306) [org.eclipse.ui.ide.application_1.1.0.v20150422-0725.jar:na]
	at org.eclipse.ui.internal.Workbench.shutdown(Workbench.java:3183) [org.eclipse.ui.workbench_3.107.1.v20160120-2131.jar:na]
	at org.eclipse.ui.internal.Workbench.busyClose(Workbench.java:1201) [org.eclipse.ui.workbench_3.107.1.v20160120-2131.jar:na]
	at org.eclipse.ui.internal.Workbench.access$22(Workbench.java:1113) [org.eclipse.ui.workbench_3.107.1.v20160120-2131.jar:na]
	at org.eclipse.ui.internal.Workbench$19.run(Workbench.java:1454) [org.eclipse.ui.workbench_3.107.1.v20160120-2131.jar:na]
	at org.eclipse.swt.custom.BusyIndicator.showWhile(BusyIndicator.java:70) [org.eclipse.swt.gtk.linux.x86_64_3.104.2.v20160127-0046.jar:na]
	at org.eclipse.ui.internal.Workbench.close(Workbench.java:1451) [org.eclipse.ui.workbench_3.107.1.v20160120-2131.jar:na]
	at org.eclipse.ui.internal.Workbench.close(Workbench.java:1424) [org.eclipse.ui.workbench_3.107.1.v20160120-2131.jar:na]
	at org.eclipse.ui.internal.WorkbenchWindow.busyClose(WorkbenchWindow.java:1596) [org.eclipse.ui.workbench_3.107.1.v20160120-2131.jar:na]
	at org.eclipse.ui.internal.WorkbenchWindow.access$16(WorkbenchWindow.java:1542) [org.eclipse.ui.workbench_3.107.1.v20160120-2131.jar:na]
	at org.eclipse.ui.internal.WorkbenchWindow$11.run(WorkbenchWindow.java:1628) [org.eclipse.ui.workbench_3.107.1.v20160120-2131.jar:na]
	at org.eclipse.swt.custom.BusyIndicator.showWhile(BusyIndicator.java:70) [org.eclipse.swt.gtk.linux.x86_64_3.104.2.v20160127-0046.jar:na]
	at org.eclipse.ui.internal.WorkbenchWindow.close(WorkbenchWindow.java:1625) [org.eclipse.ui.workbench_3.107.1.v20160120-2131.jar:na]
	at org.eclipse.ui.internal.WorkbenchWindow.close(WorkbenchWindow.java:1639) [org.eclipse.ui.workbench_3.107.1.v20160120-2131.jar:na]
	at org.eclipse.ui.internal.WorkbenchWindow$6.close(WorkbenchWindow.java:527) [org.eclipse.ui.workbench_3.107.1.v20160120-2131.jar:na]
	at org.eclipse.e4.ui.workbench.renderers.swt.WBWRenderer$7.shellClosed(WBWRenderer.java:518) [org.eclipse.e4.ui.workbench.renderers.swt_0.13.0.v20150901-1347.jar:na]
	at org.eclipse.swt.widgets.TypedListener.handleEvent(TypedListener.java:98) [org.eclipse.swt.gtk.linux.x86_64_3.104.2.v20160127-0046.jar:na]
	at org.eclipse.swt.widgets.EventTable.sendEvent(EventTable.java:84) [org.eclipse.swt.gtk.linux.x86_64_3.104.2.v20160127-0046.jar:na]
	at org.eclipse.swt.widgets.Display.sendEvent(Display.java:4481) [org.eclipse.swt.gtk.linux.x86_64_3.104.2.v20160127-0046.jar:na]
	at org.eclipse.swt.widgets.Widget.sendEvent(Widget.java:1329) [org.eclipse.swt.gtk.linux.x86_64_3.104.2.v20160127-0046.jar:na]
	at org.eclipse.swt.widgets.Widget.sendEvent(Widget.java:1353) [org.eclipse.swt.gtk.linux.x86_64_3.104.2.v20160127-0046.jar:na]
	at org.eclipse.swt.widgets.Widget.sendEvent(Widget.java:1338) [org.eclipse.swt.gtk.linux.x86_64_3.104.2.v20160127-0046.jar:na]
	at org.eclipse.swt.widgets.Shell.closeWidget(Shell.java:654) [org.eclipse.swt.gtk.linux.x86_64_3.104.2.v20160127-0046.jar:na]
	at org.eclipse.swt.widgets.Shell.gtk_delete_event(Shell.java:1272) [org.eclipse.swt.gtk.linux.x86_64_3.104.2.v20160127-0046.jar:na]
	at org.eclipse.swt.widgets.Widget.windowProc(Widget.java:1963) [org.eclipse.swt.gtk.linux.x86_64_3.104.2.v20160127-0046.jar:na]
	at org.eclipse.swt.widgets.Control.windowProc(Control.java:5607) [org.eclipse.swt.gtk.linux.x86_64_3.104.2.v20160127-0046.jar:na]
	at org.eclipse.swt.widgets.Display.windowProc(Display.java:4717) [org.eclipse.swt.gtk.linux.x86_64_3.104.2.v20160127-0046.jar:na]
	at org.eclipse.swt.internal.gtk.OS._gtk_main_do_event(Native Method) [org.eclipse.swt.gtk.linux.x86_64_3.104.2.v20160127-0046.jar:na]
	at org.eclipse.swt.internal.gtk.OS.gtk_main_do_event(OS.java:9292) [org.eclipse.swt.gtk.linux.x86_64_3.104.2.v20160127-0046.jar:na]
	at org.eclipse.swt.widgets.Display.eventProc(Display.java:1225) [org.eclipse.swt.gtk.linux.x86_64_3.104.2.v20160127-0046.jar:na]
	at org.eclipse.swt.internal.gtk.OS._g_main_context_iteration(Native Method) [org.eclipse.swt.gtk.linux.x86_64_3.104.2.v20160127-0046.jar:na]
	at org.eclipse.swt.internal.gtk.OS.g_main_context_iteration(OS.java:2425) [org.eclipse.swt.gtk.linux.x86_64_3.104.2.v20160127-0046.jar:na]
	at org.eclipse.swt.widgets.Display.readAndDispatch(Display.java:3428) [org.eclipse.swt.gtk.linux.x86_64_3.104.2.v20160127-0046.jar:na]
	at org.eclipse.e4.ui.internal.workbench.swt.PartRenderingEngine$4.run(PartRenderingEngine.java:1127) [org.eclipse.e4.ui.workbench.swt_0.13.0.v20150504-0621.jar:na]
	at org.eclipse.core.databinding.observable.Realm.runWithDefault(Realm.java:337) [org.eclipse.core.databinding.observable_1.5.0.v20150422-0725.jar:na]
	at org.eclipse.e4.ui.internal.workbench.swt.PartRenderingEngine.run(PartRenderingEngine.java:1018) [org.eclipse.e4.ui.workbench.swt_0.13.0.v20150504-0621.jar:na]
	at org.eclipse.e4.ui.internal.workbench.E4Workbench.createAndRunUI(E4Workbench.java:156) [org.eclipse.e4.ui.workbench_1.3.1.v20160107-1220.jar:na]
	at org.eclipse.ui.internal.Workbench$5.run(Workbench.java:694) [org.eclipse.ui.workbench_3.107.1.v20160120-2131.jar:na]
	at org.eclipse.core.databinding.observable.Realm.runWithDefault(Realm.java:337) [org.eclipse.core.databinding.observable_1.5.0.v20150422-0725.jar:na]
	at org.eclipse.ui.internal.Workbench.createAndRunWorkbench(Workbench.java:606) [org.eclipse.ui.workbench_3.107.1.v20160120-2131.jar:na]
	at org.eclipse.ui.PlatformUI.createAndRunWorkbench(PlatformUI.java:150) [org.eclipse.ui.workbench_3.107.1.v20160120-2131.jar:na]
	at org.eclipse.ui.internal.ide.application.IDEApplication.start(IDEApplication.java:139) [org.eclipse.ui.ide.application_1.1.0.v20150422-0725.jar:na]
	at org.eclipse.equinox.internal.app.EclipseAppHandle.run(EclipseAppHandle.java:196) [org.eclipse.equinox.app_1.3.300.v20150423-1356.jar:na]
	at org.eclipse.core.runtime.internal.adaptor.EclipseAppLauncher.runApplication(EclipseAppLauncher.java:134) [org.eclipse.osgi_3.10.102.v20160118-1700.jar:na]
	at org.eclipse.core.runtime.internal.adaptor.EclipseAppLauncher.start(EclipseAppLauncher.java:104) [org.eclipse.osgi_3.10.102.v20160118-1700.jar:na]
	at org.eclipse.core.runtime.adaptor.EclipseStarter.run(EclipseStarter.java:380) [org.eclipse.osgi_3.10.102.v20160118-1700.jar:na]
	at org.eclipse.core.runtime.adaptor.EclipseStarter.run(EclipseStarter.java:235) [org.eclipse.osgi_3.10.102.v20160118-1700.jar:na]
	at sun.reflect.NativeMethodAccessorImpl.invoke0(Native Method) ~[na:1.8.0_77]
	at sun.reflect.NativeMethodAccessorImpl.invoke(NativeMethodAccessorImpl.java:62) ~[na:1.8.0_77]
	at sun.reflect.DelegatingMethodAccessorImpl.invoke(DelegatingMethodAccessorImpl.java:43) ~[na:1.8.0_77]
	at java.lang.reflect.Method.invoke(Method.java:498) ~[na:1.8.0_77]
	at org.eclipse.equinox.launcher.Main.invokeFramework(Main.java:669) [org.eclipse.equinox.launcher_1.3.100.v20150511-1540.jar:na]
	at org.eclipse.equinox.launcher.Main.basicRun(Main.java:608) [org.eclipse.equinox.launcher_1.3.100.v20150511-1540.jar:na]
	at org.eclipse.equinox.launcher.Main.run(Main.java:1515) [org.eclipse.equinox.launcher_1.3.100.v20150511-1540.jar:na]
	at org.eclipse.equinox.launcher.Main.main(Main.java:1488) [org.eclipse.equinox.launcher_1.3.100.v20150511-1540.jar:na]
