2017-07-02 22:49:22,932 [Worker-4] INFO  o.e.m.c.i.p.ProjectConfigurationManager - Collecting project info '/pom.xml' /home/manish/Desktop/SpringWorkspace/SpringMvcSample/SpringMvcSample/pom.xml
2017-07-02 22:49:28,241 [Worker-4] INFO  o.e.m.c.i.l.LifecycleMappingFactory - Using org.maven.ide.eclipse.wtp.WarLifecycleMapping lifecycle mapping for MavenProject: com.personal.SpringMvc:SpringMvcSample:0.0.1-SNAPSHOT @ /home/manish/Desktop/SpringWorkspace/SpringMvcSample/SpringMvcSample/pom.xml.
2017-07-02 22:49:30,335 [Worker-4] INFO  o.e.m.j.i.AbstractJavaProjectConfigurator - Adding source folder /SpringMvcSample/src/main/java
2017-07-02 22:49:30,336 [Worker-4] INFO  o.e.m.j.i.AbstractJavaProjectConfigurator - Adding resource folder /SpringMvcSample/src/main/resources
2017-07-02 22:49:30,338 [Worker-4] INFO  o.e.m.j.i.AbstractJavaProjectConfigurator - Adding source folder /SpringMvcSample/src/test/java
2017-07-02 22:49:36,961 [Worker-4] INFO  o.e.m.c.i.p.ProjectConfigurationManager - Imported and configured 1 project(s) in 13 sec
2017-07-02 22:49:38,964 [Worker-23] WARN  o.e.m.c.i.embedder.EclipseLogger - Using platform encoding (UTF-8 actually) to copy filtered resources, i.e. build is platform dependent!
2017-07-02 22:49:39,002 [Worker-23] INFO  o.e.m.c.i.embedder.EclipseLogger - Copying 0 resource
2017-07-02 22:49:39,009 [Worker-23] WARN  o.e.m.c.i.embedder.EclipseLogger - Using platform encoding (UTF-8 actually) to copy filtered resources, i.e. build is platform dependent!
2017-07-02 22:49:39,009 [Worker-23] INFO  o.e.m.c.i.embedder.EclipseLogger - skip non existing resourceDirectory /home/manish/Desktop/SpringWorkspace/SpringMvcSample/SpringMvcSample/src/test/resources
2017-07-02 22:52:42,835 [Worker-22] WARN  o.e.m.c.i.embedder.EclipseLogger - Using platform encoding (UTF-8 actually) to copy filtered resources, i.e. build is platform dependent!
2017-07-02 22:52:42,855 [Worker-22] INFO  o.e.m.c.i.embedder.EclipseLogger - Copying 0 resource
2017-07-02 22:52:42,858 [Worker-22] WARN  o.e.m.c.i.embedder.EclipseLogger - Using platform encoding (UTF-8 actually) to copy filtered resources, i.e. build is platform dependent!
2017-07-02 22:52:42,860 [Worker-22] INFO  o.e.m.c.i.embedder.EclipseLogger - skip non existing resourceDirectory /home/manish/Desktop/SpringWorkspace/SpringMvcSample/SpringMvcSample/src/test/resources
2017-07-02 22:52:43,967 [Worker-19] WARN  o.e.m.c.i.embedder.EclipseLogger - Using platform encoding (UTF-8 actually) to copy filtered resources, i.e. build is platform dependent!
2017-07-02 22:52:43,968 [Worker-19] INFO  o.e.m.c.i.embedder.EclipseLogger - Copying 0 resource
2017-07-02 22:52:43,970 [Worker-19] WARN  o.e.m.c.i.embedder.EclipseLogger - Using platform encoding (UTF-8 actually) to copy filtered resources, i.e. build is platform dependent!
2017-07-02 22:52:43,971 [Worker-19] INFO  o.e.m.c.i.embedder.EclipseLogger - skip non existing resourceDirectory /home/manish/Desktop/SpringWorkspace/SpringMvcSample/SpringMvcSample/src/test/resources
2017-07-02 22:53:06,746 [Worker-24] WARN  o.e.m.c.i.embedder.EclipseLogger - Using platform encoding (UTF-8 actually) to copy filtered resources, i.e. build is platform dependent!
2017-07-02 22:53:06,747 [Worker-24] INFO  o.e.m.c.i.embedder.EclipseLogger - Copying 0 resource
2017-07-02 22:53:06,750 [Worker-24] WARN  o.e.m.c.i.embedder.EclipseLogger - Using platform encoding (UTF-8 actually) to copy filtered resources, i.e. build is platform dependent!
2017-07-02 22:53:06,752 [Worker-24] INFO  o.e.m.c.i.embedder.EclipseLogger - skip non existing resourceDirectory /home/manish/Desktop/SpringWorkspace/SpringMvcSample/SpringMvcSample/src/test/resources
2017-07-02 22:57:14,187 [Worker-25] INFO  o.e.m.c.i.l.LifecycleMappingFactory - Using org.eclipse.m2e.jdt.JarLifecycleMapping lifecycle mapping for MavenProject: com.sdafd:aasnjsdn:0.0.1-SNAPSHOT @ /home/manish/Desktop/SpringWorkspace/SpringMvcSample/aasnjsdn/pom.xml.
2017-07-02 22:57:15,025 [Worker-25] INFO  o.e.m.j.i.AbstractJavaProjectConfigurator - Adding source folder /aasnjsdn/src/main/java
2017-07-02 22:57:15,026 [Worker-25] INFO  o.e.m.j.i.AbstractJavaProjectConfigurator - Adding resource folder /aasnjsdn/src/main/resources
2017-07-02 22:57:15,026 [Worker-25] INFO  o.e.m.j.i.AbstractJavaProjectConfigurator - Adding source folder /aasnjsdn/src/test/java
2017-07-02 22:57:15,027 [Worker-25] INFO  o.e.m.j.i.AbstractJavaProjectConfigurator - Adding resource folder /aasnjsdn/src/test/resources
2017-07-02 22:57:15,263 [Worker-28] WARN  o.e.m.c.i.embedder.EclipseLogger - Using platform encoding (UTF-8 actually) to copy filtered resources, i.e. build is platform dependent!
2017-07-02 22:57:15,264 [Worker-28] INFO  o.e.m.c.i.embedder.EclipseLogger - Copying 0 resource
2017-07-02 22:57:15,266 [Worker-28] WARN  o.e.m.c.i.embedder.EclipseLogger - Using platform encoding (UTF-8 actually) to copy filtered resources, i.e. build is platform dependent!
2017-07-02 22:57:15,266 [Worker-28] INFO  o.e.m.c.i.embedder.EclipseLogger - Copying 0 resource
2017-07-02 23:02:10,376 [Worker-25] INFO  o.e.m.c.i.p.ProjectConfigurationManager - Collecting project info '/pom.xml' /home/manish/Desktop/SpringWorkspace/SpringMvcSample/sampleP/pom.xml
2017-07-02 23:02:10,481 [Worker-25] INFO  o.e.m.c.i.l.LifecycleMappingFactory - Using org.maven.ide.eclipse.wtp.WarLifecycleMapping lifecycle mapping for MavenProject: com.sample:sampleP:0.0.1-SNAPSHOT @ /home/manish/Desktop/SpringWorkspace/SpringMvcSample/sampleP/pom.xml.
2017-07-02 23:02:10,706 [Worker-25] INFO  o.e.m.j.i.AbstractJavaProjectConfigurator - Adding source folder /sampleP/src/main/java
2017-07-02 23:02:10,706 [Worker-25] INFO  o.e.m.j.i.AbstractJavaProjectConfigurator - Adding resource folder /sampleP/src/main/resources
2017-07-02 23:02:10,706 [Worker-25] INFO  o.e.m.j.i.AbstractJavaProjectConfigurator - Adding source folder /sampleP/src/test/java
2017-07-02 23:02:12,078 [Worker-25] INFO  o.e.m.c.i.p.ProjectConfigurationManager - Imported and configured 1 project(s) in 1 sec
2017-07-02 23:02:12,317 [Worker-31] WARN  o.e.m.c.i.embedder.EclipseLogger - Using platform encoding (UTF-8 actually) to copy filtered resources, i.e. build is platform dependent!
2017-07-02 23:02:12,318 [Worker-31] INFO  o.e.m.c.i.embedder.EclipseLogger - Copying 0 resource
2017-07-02 23:02:12,320 [Worker-31] WARN  o.e.m.c.i.embedder.EclipseLogger - Using platform encoding (UTF-8 actually) to copy filtered resources, i.e. build is platform dependent!
2017-07-02 23:02:12,320 [Worker-31] INFO  o.e.m.c.i.embedder.EclipseLogger - skip non existing resourceDirectory /home/manish/Desktop/SpringWorkspace/SpringMvcSample/sampleP/src/test/resources
2017-07-02 23:02:57,472 [Worker-30] WARN  o.e.m.c.i.embedder.EclipseLogger - Using platform encoding (UTF-8 actually) to copy filtered resources, i.e. build is platform dependent!
2017-07-02 23:02:57,473 [Worker-30] INFO  o.e.m.c.i.embedder.EclipseLogger - Copying 0 resource
2017-07-02 23:02:57,474 [Worker-30] WARN  o.e.m.c.i.embedder.EclipseLogger - Using platform encoding (UTF-8 actually) to copy filtered resources, i.e. build is platform dependent!
2017-07-02 23:02:57,475 [Worker-30] INFO  o.e.m.c.i.embedder.EclipseLogger - skip non existing resourceDirectory /home/manish/Desktop/SpringWorkspace/SpringMvcSample/sampleP/src/test/resources
2017-07-02 23:03:47,057 [Worker-28] WARN  o.e.m.c.i.embedder.EclipseLogger - Using platform encoding (UTF-8 actually) to copy filtered resources, i.e. build is platform dependent!
2017-07-02 23:03:47,057 [Worker-28] INFO  o.e.m.c.i.embedder.EclipseLogger - Copying 0 resource
2017-07-02 23:03:47,072 [Worker-28] WARN  o.e.m.c.i.embedder.EclipseLogger - Using platform encoding (UTF-8 actually) to copy filtered resources, i.e. build is platform dependent!
2017-07-02 23:03:47,074 [Worker-28] INFO  o.e.m.c.i.embedder.EclipseLogger - skip non existing resourceDirectory /home/manish/Desktop/SpringWorkspace/SpringMvcSample/sampleP/src/test/resources
2017-07-02 23:03:57,955 [Worker-23] WARN  o.e.m.c.i.embedder.EclipseLogger - Using platform encoding (UTF-8 actually) to copy filtered resources, i.e. build is platform dependent!
2017-07-02 23:03:57,956 [Worker-23] INFO  o.e.m.c.i.embedder.EclipseLogger - Copying 0 resource
2017-07-02 23:03:57,957 [Worker-23] WARN  o.e.m.c.i.embedder.EclipseLogger - Using platform encoding (UTF-8 actually) to copy filtered resources, i.e. build is platform dependent!
2017-07-02 23:03:57,958 [Worker-23] INFO  o.e.m.c.i.embedder.EclipseLogger - skip non existing resourceDirectory /home/manish/Desktop/SpringWorkspace/SpringMvcSample/sampleP/src/test/resources
2017-07-02 23:04:24,604 [Worker-23] WARN  o.e.m.c.i.embedder.EclipseLogger - Using platform encoding (UTF-8 actually) to copy filtered resources, i.e. build is platform dependent!
2017-07-02 23:04:24,605 [Worker-23] INFO  o.e.m.c.i.embedder.EclipseLogger - Copying 0 resource
2017-07-02 23:04:24,607 [Worker-23] WARN  o.e.m.c.i.embedder.EclipseLogger - Using platform encoding (UTF-8 actually) to copy filtered resources, i.e. build is platform dependent!
2017-07-02 23:04:24,607 [Worker-23] INFO  o.e.m.c.i.embedder.EclipseLogger - skip non existing resourceDirectory /home/manish/Desktop/SpringWorkspace/SpringMvcSample/sampleP/src/test/resources
2017-07-02 23:05:42,039 [Worker-23] INFO  o.e.m.c.i.p.ProjectConfigurationManager - Collecting project info '/pom.xml' /home/manish/Desktop/SpringWorkspace/SpringMvcSample/fsfs/pom.xml
2017-07-02 23:05:42,108 [Worker-23] INFO  o.e.m.c.i.l.LifecycleMappingFactory - Using org.eclipse.m2e.jdt.JarLifecycleMapping lifecycle mapping for MavenProject: com.sample:fsfs:0.0.1-SNAPSHOT @ /home/manish/Desktop/SpringWorkspace/SpringMvcSample/fsfs/pom.xml.
2017-07-02 23:05:42,701 [Worker-23] INFO  o.e.m.j.i.AbstractJavaProjectConfigurator - Adding source folder /fsfs/src/main/java
2017-07-02 23:05:42,703 [Worker-23] INFO  o.e.m.j.i.AbstractJavaProjectConfigurator - Adding source folder /fsfs/src/test/java
2017-07-02 23:05:42,729 [Worker-23] INFO  o.e.m.c.i.p.ProjectConfigurationManager - Imported and configured 1 project(s) in 0 sec
2017-07-02 23:05:43,249 [Worker-31] INFO  o.e.m.c.i.embedder.EclipseLogger - Using 'UTF-8' encoding to copy filtered resources.
2017-07-02 23:05:43,250 [Worker-31] INFO  o.e.m.c.i.embedder.EclipseLogger - skip non existing resourceDirectory /home/manish/Desktop/SpringWorkspace/SpringMvcSample/fsfs/src/main/resources
2017-07-02 23:05:43,251 [Worker-31] INFO  o.e.m.c.i.embedder.EclipseLogger - Using 'UTF-8' encoding to copy filtered resources.
2017-07-02 23:05:43,252 [Worker-31] INFO  o.e.m.c.i.embedder.EclipseLogger - skip non existing resourceDirectory /home/manish/Desktop/SpringWorkspace/SpringMvcSample/fsfs/src/test/resources
2017-07-02 23:12:21,670 [Worker-28] WARN  o.e.m.c.i.embedder.EclipseLogger - Using platform encoding (UTF-8 actually) to copy filtered resources, i.e. build is platform dependent!
2017-07-02 23:12:21,671 [Worker-28] INFO  o.e.m.c.i.embedder.EclipseLogger - Copying 0 resource
2017-07-02 23:12:21,673 [Worker-28] WARN  o.e.m.c.i.embedder.EclipseLogger - Using platform encoding (UTF-8 actually) to copy filtered resources, i.e. build is platform dependent!
2017-07-02 23:12:21,673 [Worker-28] INFO  o.e.m.c.i.embedder.EclipseLogger - skip non existing resourceDirectory /home/manish/Desktop/SpringWorkspace/SpringMvcSample/SpringMvcSample/src/test/resources
